Terminaux inutilisés dans la grammaire

   SHARP
   LINE_COM
   BEGIN_COM
   END_COM
   IF
   ELSE
   WHILE
   FOR
   MAIN
   LEFT_BRACES
   RIGHT_BRACES
   LEFT_BRACKET
   RIGHT_BRACKET
   RETURN
   AFFECT_ADD
   AFFECT_SUB
   AFFECT_MULT
   AFFECT_DIV
   AFFECT_MOD
   INCREMENT
   DECREMENT
   AFFECT
   VOID
   CHAR
   INT32
   INT64
   SEMICOLON
   COMMA
   UNEXPECTED
   CHAR_VAL
   CHAIN
   ID


Grammaire

    0 $accept: result $end

    1 result: expr fin

    2 uoperation: SUB expr
    3           | ADD expr
    4           | BIT_NOT expr
    5           | BOOL_NOT expr

    6 expr: INT_VAL
    7     | uoperation
    8     | expr BOOL_OR expr
    9     | expr BOOL_AND expr
   10     | expr BIT_OR expr
   11     | expr BIT_XOR expr
   12     | expr BIT_AND expr
   13     | expr BOOL_EQUAL expr
   14     | expr BOOL_DIF expr
   15     | expr BOOL_LESS expr
   16     | expr BOOL_GREATER expr
   17     | expr BOOL_LESS_OR_EQUAL expr
   18     | expr BOOL_GREATER_OR_EQUAL expr
   19     | expr BIT_RIGHT_SHIFT expr
   20     | expr BIT_LEFT_SHIFT expr
   21     | expr ADD expr
   22     | expr SUB expr
   23     | expr MULT expr
   24     | expr DIV expr
   25     | expr MOD expr
   26     | LEFT_PARENTHESIS expr RIGHT_PARENTHESIS

   27 fin: IGNORED


Terminaux, suivis des règles où ils apparaissent

$end (0) 0
error (256)
SHARP (258)
LINE_COM (259)
BEGIN_COM (260)
END_COM (261)
IF (262)
ELSE (263)
WHILE (264)
FOR (265)
MAIN (266)
LEFT_BRACES (267)
RIGHT_BRACES (268)
LEFT_PARENTHESIS (269) 26
RIGHT_PARENTHESIS (270) 26
LEFT_BRACKET (271)
RIGHT_BRACKET (272)
BOOL_EQUAL (273) 13
RETURN (274)
BOOL_DIF (275) 14
BOOL_LESS_OR_EQUAL (276) 17
BOOL_GREATER_OR_EQUAL (277) 18
BOOL_LESS (278) 15
BOOL_GREATER (279) 16
AFFECT_ADD (280)
AFFECT_SUB (281)
AFFECT_MULT (282)
AFFECT_DIV (283)
AFFECT_MOD (284)
INCREMENT (285)
DECREMENT (286)
AFFECT (287)
ADD (288) 3 21
SUB (289) 2 22
MULT (290) 23
DIV (291) 24
MOD (292) 25
BOOL_AND (293) 9
BOOL_OR (294) 8
BOOL_NOT (295) 5
BIT_AND (296) 12
BIT_OR (297) 10
BIT_XOR (298) 11
BIT_NOT (299) 4
BIT_LEFT_SHIFT (300) 20
BIT_RIGHT_SHIFT (301) 19
VOID (302)
CHAR (303)
INT32 (304)
INT64 (305)
SEMICOLON (306)
COMMA (307)
IGNORED (308) 27
UNEXPECTED (309)
CHAR_VAL (310)
INT_VAL (311) 6
CHAIN (312)
ID (313)


Non-terminaux, suivis des règles où ils apparaissent

$accept (59)
    à gauche: 0
result (60)
    à gauche: 1, à droite: 0
uoperation (61)
    à gauche: 2 3 4 5, à droite: 7
expr (62)
    à gauche: 6 7 8 9 10 11 12 13 14 15 16 17 18 19 20 21 22 23 24
    25 26, à droite: 1 2 3 4 5 8 9 10 11 12 13 14 15 16 17 18 19 20
    21 22 23 24 25 26
fin (63)
    à gauche: 27, à droite: 1


État 0

    0 $accept: . result $end

    LEFT_PARENTHESIS  décalage et aller à l'état 1
    ADD               décalage et aller à l'état 2
    SUB               décalage et aller à l'état 3
    BOOL_NOT          décalage et aller à l'état 4
    BIT_NOT           décalage et aller à l'état 5
    INT_VAL           décalage et aller à l'état 6

    result      aller à l'état 7
    uoperation  aller à l'état 8
    expr        aller à l'état 9


État 1

   26 expr: LEFT_PARENTHESIS . expr RIGHT_PARENTHESIS

    LEFT_PARENTHESIS  décalage et aller à l'état 1
    ADD               décalage et aller à l'état 2
    SUB               décalage et aller à l'état 3
    BOOL_NOT          décalage et aller à l'état 4
    BIT_NOT           décalage et aller à l'état 5
    INT_VAL           décalage et aller à l'état 6

    uoperation  aller à l'état 8
    expr        aller à l'état 10


État 2

    3 uoperation: ADD . expr

    LEFT_PARENTHESIS  décalage et aller à l'état 1
    ADD               décalage et aller à l'état 2
    SUB               décalage et aller à l'état 3
    BOOL_NOT          décalage et aller à l'état 4
    BIT_NOT           décalage et aller à l'état 5
    INT_VAL           décalage et aller à l'état 6

    uoperation  aller à l'état 8
    expr        aller à l'état 11


État 3

    2 uoperation: SUB . expr

    LEFT_PARENTHESIS  décalage et aller à l'état 1
    ADD               décalage et aller à l'état 2
    SUB               décalage et aller à l'état 3
    BOOL_NOT          décalage et aller à l'état 4
    BIT_NOT           décalage et aller à l'état 5
    INT_VAL           décalage et aller à l'état 6

    uoperation  aller à l'état 8
    expr        aller à l'état 12


État 4

    5 uoperation: BOOL_NOT . expr

    LEFT_PARENTHESIS  décalage et aller à l'état 1
    ADD               décalage et aller à l'état 2
    SUB               décalage et aller à l'état 3
    BOOL_NOT          décalage et aller à l'état 4
    BIT_NOT           décalage et aller à l'état 5
    INT_VAL           décalage et aller à l'état 6

    uoperation  aller à l'état 8
    expr        aller à l'état 13


État 5

    4 uoperation: BIT_NOT . expr

    LEFT_PARENTHESIS  décalage et aller à l'état 1
    ADD               décalage et aller à l'état 2
    SUB               décalage et aller à l'état 3
    BOOL_NOT          décalage et aller à l'état 4
    BIT_NOT           décalage et aller à l'état 5
    INT_VAL           décalage et aller à l'état 6

    uoperation  aller à l'état 8
    expr        aller à l'état 14


État 6

    6 expr: INT_VAL .

    $défaut  réduction par utilisation de la règle 6 (expr)


État 7

    0 $accept: result . $end

    $end  décalage et aller à l'état 15


État 8

    7 expr: uoperation .

    $défaut  réduction par utilisation de la règle 7 (expr)


État 9

    1 result: expr . fin
    8 expr: expr . BOOL_OR expr
    9     | expr . BOOL_AND expr
   10     | expr . BIT_OR expr
   11     | expr . BIT_XOR expr
   12     | expr . BIT_AND expr
   13     | expr . BOOL_EQUAL expr
   14     | expr . BOOL_DIF expr
   15     | expr . BOOL_LESS expr
   16     | expr . BOOL_GREATER expr
   17     | expr . BOOL_LESS_OR_EQUAL expr
   18     | expr . BOOL_GREATER_OR_EQUAL expr
   19     | expr . BIT_RIGHT_SHIFT expr
   20     | expr . BIT_LEFT_SHIFT expr
   21     | expr . ADD expr
   22     | expr . SUB expr
   23     | expr . MULT expr
   24     | expr . DIV expr
   25     | expr . MOD expr

    BOOL_EQUAL             décalage et aller à l'état 16
    BOOL_DIF               décalage et aller à l'état 17
    BOOL_LESS_OR_EQUAL     décalage et aller à l'état 18
    BOOL_GREATER_OR_EQUAL  décalage et aller à l'état 19
    BOOL_LESS              décalage et aller à l'état 20
    BOOL_GREATER           décalage et aller à l'état 21
    ADD                    décalage et aller à l'état 22
    SUB                    décalage et aller à l'état 23
    MULT                   décalage et aller à l'état 24
    DIV                    décalage et aller à l'état 25
    MOD                    décalage et aller à l'état 26
    BOOL_AND               décalage et aller à l'état 27
    BOOL_OR                décalage et aller à l'état 28
    BIT_AND                décalage et aller à l'état 29
    BIT_OR                 décalage et aller à l'état 30
    BIT_XOR                décalage et aller à l'état 31
    BIT_LEFT_SHIFT         décalage et aller à l'état 32
    BIT_RIGHT_SHIFT        décalage et aller à l'état 33
    IGNORED                décalage et aller à l'état 34

    fin  aller à l'état 35


État 10

    8 expr: expr . BOOL_OR expr
    9     | expr . BOOL_AND expr
   10     | expr . BIT_OR expr
   11     | expr . BIT_XOR expr
   12     | expr . BIT_AND expr
   13     | expr . BOOL_EQUAL expr
   14     | expr . BOOL_DIF expr
   15     | expr . BOOL_LESS expr
   16     | expr . BOOL_GREATER expr
   17     | expr . BOOL_LESS_OR_EQUAL expr
   18     | expr . BOOL_GREATER_OR_EQUAL expr
   19     | expr . BIT_RIGHT_SHIFT expr
   20     | expr . BIT_LEFT_SHIFT expr
   21     | expr . ADD expr
   22     | expr . SUB expr
   23     | expr . MULT expr
   24     | expr . DIV expr
   25     | expr . MOD expr
   26     | LEFT_PARENTHESIS expr . RIGHT_PARENTHESIS

    RIGHT_PARENTHESIS      décalage et aller à l'état 36
    BOOL_EQUAL             décalage et aller à l'état 16
    BOOL_DIF               décalage et aller à l'état 17
    BOOL_LESS_OR_EQUAL     décalage et aller à l'état 18
    BOOL_GREATER_OR_EQUAL  décalage et aller à l'état 19
    BOOL_LESS              décalage et aller à l'état 20
    BOOL_GREATER           décalage et aller à l'état 21
    ADD                    décalage et aller à l'état 22
    SUB                    décalage et aller à l'état 23
    MULT                   décalage et aller à l'état 24
    DIV                    décalage et aller à l'état 25
    MOD                    décalage et aller à l'état 26
    BOOL_AND               décalage et aller à l'état 27
    BOOL_OR                décalage et aller à l'état 28
    BIT_AND                décalage et aller à l'état 29
    BIT_OR                 décalage et aller à l'état 30
    BIT_XOR                décalage et aller à l'état 31
    BIT_LEFT_SHIFT         décalage et aller à l'état 32
    BIT_RIGHT_SHIFT        décalage et aller à l'état 33


État 11

    3 uoperation: ADD expr .
    8 expr: expr . BOOL_OR expr
    9     | expr . BOOL_AND expr
   10     | expr . BIT_OR expr
   11     | expr . BIT_XOR expr
   12     | expr . BIT_AND expr
   13     | expr . BOOL_EQUAL expr
   14     | expr . BOOL_DIF expr
   15     | expr . BOOL_LESS expr
   16     | expr . BOOL_GREATER expr
   17     | expr . BOOL_LESS_OR_EQUAL expr
   18     | expr . BOOL_GREATER_OR_EQUAL expr
   19     | expr . BIT_RIGHT_SHIFT expr
   20     | expr . BIT_LEFT_SHIFT expr
   21     | expr . ADD expr
   22     | expr . SUB expr
   23     | expr . MULT expr
   24     | expr . DIV expr
   25     | expr . MOD expr

    MULT  décalage et aller à l'état 24
    DIV   décalage et aller à l'état 25
    MOD   décalage et aller à l'état 26

    $défaut  réduction par utilisation de la règle 3 (uoperation)


État 12

    2 uoperation: SUB expr .
    8 expr: expr . BOOL_OR expr
    9     | expr . BOOL_AND expr
   10     | expr . BIT_OR expr
   11     | expr . BIT_XOR expr
   12     | expr . BIT_AND expr
   13     | expr . BOOL_EQUAL expr
   14     | expr . BOOL_DIF expr
   15     | expr . BOOL_LESS expr
   16     | expr . BOOL_GREATER expr
   17     | expr . BOOL_LESS_OR_EQUAL expr
   18     | expr . BOOL_GREATER_OR_EQUAL expr
   19     | expr . BIT_RIGHT_SHIFT expr
   20     | expr . BIT_LEFT_SHIFT expr
   21     | expr . ADD expr
   22     | expr . SUB expr
   23     | expr . MULT expr
   24     | expr . DIV expr
   25     | expr . MOD expr

    MULT  décalage et aller à l'état 24
    DIV   décalage et aller à l'état 25
    MOD   décalage et aller à l'état 26

    $défaut  réduction par utilisation de la règle 2 (uoperation)


État 13

    5 uoperation: BOOL_NOT expr .
    8 expr: expr . BOOL_OR expr
    9     | expr . BOOL_AND expr
   10     | expr . BIT_OR expr
   11     | expr . BIT_XOR expr
   12     | expr . BIT_AND expr
   13     | expr . BOOL_EQUAL expr
   14     | expr . BOOL_DIF expr
   15     | expr . BOOL_LESS expr
   16     | expr . BOOL_GREATER expr
   17     | expr . BOOL_LESS_OR_EQUAL expr
   18     | expr . BOOL_GREATER_OR_EQUAL expr
   19     | expr . BIT_RIGHT_SHIFT expr
   20     | expr . BIT_LEFT_SHIFT expr
   21     | expr . ADD expr
   22     | expr . SUB expr
   23     | expr . MULT expr
   24     | expr . DIV expr
   25     | expr . MOD expr

    $défaut  réduction par utilisation de la règle 5 (uoperation)


État 14

    4 uoperation: BIT_NOT expr .
    8 expr: expr . BOOL_OR expr
    9     | expr . BOOL_AND expr
   10     | expr . BIT_OR expr
   11     | expr . BIT_XOR expr
   12     | expr . BIT_AND expr
   13     | expr . BOOL_EQUAL expr
   14     | expr . BOOL_DIF expr
   15     | expr . BOOL_LESS expr
   16     | expr . BOOL_GREATER expr
   17     | expr . BOOL_LESS_OR_EQUAL expr
   18     | expr . BOOL_GREATER_OR_EQUAL expr
   19     | expr . BIT_RIGHT_SHIFT expr
   20     | expr . BIT_LEFT_SHIFT expr
   21     | expr . ADD expr
   22     | expr . SUB expr
   23     | expr . MULT expr
   24     | expr . DIV expr
   25     | expr . MOD expr

    $défaut  réduction par utilisation de la règle 4 (uoperation)


État 15

    0 $accept: result $end .

    $défaut  accepter


État 16

   13 expr: expr BOOL_EQUAL . expr

    LEFT_PARENTHESIS  décalage et aller à l'état 1
    ADD               décalage et aller à l'état 2
    SUB               décalage et aller à l'état 3
    BOOL_NOT          décalage et aller à l'état 4
    BIT_NOT           décalage et aller à l'état 5
    INT_VAL           décalage et aller à l'état 6

    uoperation  aller à l'état 8
    expr        aller à l'état 37


État 17

   14 expr: expr BOOL_DIF . expr

    LEFT_PARENTHESIS  décalage et aller à l'état 1
    ADD               décalage et aller à l'état 2
    SUB               décalage et aller à l'état 3
    BOOL_NOT          décalage et aller à l'état 4
    BIT_NOT           décalage et aller à l'état 5
    INT_VAL           décalage et aller à l'état 6

    uoperation  aller à l'état 8
    expr        aller à l'état 38


État 18

   17 expr: expr BOOL_LESS_OR_EQUAL . expr

    LEFT_PARENTHESIS  décalage et aller à l'état 1
    ADD               décalage et aller à l'état 2
    SUB               décalage et aller à l'état 3
    BOOL_NOT          décalage et aller à l'état 4
    BIT_NOT           décalage et aller à l'état 5
    INT_VAL           décalage et aller à l'état 6

    uoperation  aller à l'état 8
    expr        aller à l'état 39


État 19

   18 expr: expr BOOL_GREATER_OR_EQUAL . expr

    LEFT_PARENTHESIS  décalage et aller à l'état 1
    ADD               décalage et aller à l'état 2
    SUB               décalage et aller à l'état 3
    BOOL_NOT          décalage et aller à l'état 4
    BIT_NOT           décalage et aller à l'état 5
    INT_VAL           décalage et aller à l'état 6

    uoperation  aller à l'état 8
    expr        aller à l'état 40


État 20

   15 expr: expr BOOL_LESS . expr

    LEFT_PARENTHESIS  décalage et aller à l'état 1
    ADD               décalage et aller à l'état 2
    SUB               décalage et aller à l'état 3
    BOOL_NOT          décalage et aller à l'état 4
    BIT_NOT           décalage et aller à l'état 5
    INT_VAL           décalage et aller à l'état 6

    uoperation  aller à l'état 8
    expr        aller à l'état 41


État 21

   16 expr: expr BOOL_GREATER . expr

    LEFT_PARENTHESIS  décalage et aller à l'état 1
    ADD               décalage et aller à l'état 2
    SUB               décalage et aller à l'état 3
    BOOL_NOT          décalage et aller à l'état 4
    BIT_NOT           décalage et aller à l'état 5
    INT_VAL           décalage et aller à l'état 6

    uoperation  aller à l'état 8
    expr        aller à l'état 42


État 22

   21 expr: expr ADD . expr

    LEFT_PARENTHESIS  décalage et aller à l'état 1
    ADD               décalage et aller à l'état 2
    SUB               décalage et aller à l'état 3
    BOOL_NOT          décalage et aller à l'état 4
    BIT_NOT           décalage et aller à l'état 5
    INT_VAL           décalage et aller à l'état 6

    uoperation  aller à l'état 8
    expr        aller à l'état 43


État 23

   22 expr: expr SUB . expr

    LEFT_PARENTHESIS  décalage et aller à l'état 1
    ADD               décalage et aller à l'état 2
    SUB               décalage et aller à l'état 3
    BOOL_NOT          décalage et aller à l'état 4
    BIT_NOT           décalage et aller à l'état 5
    INT_VAL           décalage et aller à l'état 6

    uoperation  aller à l'état 8
    expr        aller à l'état 44


État 24

   23 expr: expr MULT . expr

    LEFT_PARENTHESIS  décalage et aller à l'état 1
    ADD               décalage et aller à l'état 2
    SUB               décalage et aller à l'état 3
    BOOL_NOT          décalage et aller à l'état 4
    BIT_NOT           décalage et aller à l'état 5
    INT_VAL           décalage et aller à l'état 6

    uoperation  aller à l'état 8
    expr        aller à l'état 45


État 25

   24 expr: expr DIV . expr

    LEFT_PARENTHESIS  décalage et aller à l'état 1
    ADD               décalage et aller à l'état 2
    SUB               décalage et aller à l'état 3
    BOOL_NOT          décalage et aller à l'état 4
    BIT_NOT           décalage et aller à l'état 5
    INT_VAL           décalage et aller à l'état 6

    uoperation  aller à l'état 8
    expr        aller à l'état 46


État 26

   25 expr: expr MOD . expr

    LEFT_PARENTHESIS  décalage et aller à l'état 1
    ADD               décalage et aller à l'état 2
    SUB               décalage et aller à l'état 3
    BOOL_NOT          décalage et aller à l'état 4
    BIT_NOT           décalage et aller à l'état 5
    INT_VAL           décalage et aller à l'état 6

    uoperation  aller à l'état 8
    expr        aller à l'état 47


État 27

    9 expr: expr BOOL_AND . expr

    LEFT_PARENTHESIS  décalage et aller à l'état 1
    ADD               décalage et aller à l'état 2
    SUB               décalage et aller à l'état 3
    BOOL_NOT          décalage et aller à l'état 4
    BIT_NOT           décalage et aller à l'état 5
    INT_VAL           décalage et aller à l'état 6

    uoperation  aller à l'état 8
    expr        aller à l'état 48


État 28

    8 expr: expr BOOL_OR . expr

    LEFT_PARENTHESIS  décalage et aller à l'état 1
    ADD               décalage et aller à l'état 2
    SUB               décalage et aller à l'état 3
    BOOL_NOT          décalage et aller à l'état 4
    BIT_NOT           décalage et aller à l'état 5
    INT_VAL           décalage et aller à l'état 6

    uoperation  aller à l'état 8
    expr        aller à l'état 49


État 29

   12 expr: expr BIT_AND . expr

    LEFT_PARENTHESIS  décalage et aller à l'état 1
    ADD               décalage et aller à l'état 2
    SUB               décalage et aller à l'état 3
    BOOL_NOT          décalage et aller à l'état 4
    BIT_NOT           décalage et aller à l'état 5
    INT_VAL           décalage et aller à l'état 6

    uoperation  aller à l'état 8
    expr        aller à l'état 50


État 30

   10 expr: expr BIT_OR . expr

    LEFT_PARENTHESIS  décalage et aller à l'état 1
    ADD               décalage et aller à l'état 2
    SUB               décalage et aller à l'état 3
    BOOL_NOT          décalage et aller à l'état 4
    BIT_NOT           décalage et aller à l'état 5
    INT_VAL           décalage et aller à l'état 6

    uoperation  aller à l'état 8
    expr        aller à l'état 51


État 31

   11 expr: expr BIT_XOR . expr

    LEFT_PARENTHESIS  décalage et aller à l'état 1
    ADD               décalage et aller à l'état 2
    SUB               décalage et aller à l'état 3
    BOOL_NOT          décalage et aller à l'état 4
    BIT_NOT           décalage et aller à l'état 5
    INT_VAL           décalage et aller à l'état 6

    uoperation  aller à l'état 8
    expr        aller à l'état 52


État 32

   20 expr: expr BIT_LEFT_SHIFT . expr

    LEFT_PARENTHESIS  décalage et aller à l'état 1
    ADD               décalage et aller à l'état 2
    SUB               décalage et aller à l'état 3
    BOOL_NOT          décalage et aller à l'état 4
    BIT_NOT           décalage et aller à l'état 5
    INT_VAL           décalage et aller à l'état 6

    uoperation  aller à l'état 8
    expr        aller à l'état 53


État 33

   19 expr: expr BIT_RIGHT_SHIFT . expr

    LEFT_PARENTHESIS  décalage et aller à l'état 1
    ADD               décalage et aller à l'état 2
    SUB               décalage et aller à l'état 3
    BOOL_NOT          décalage et aller à l'état 4
    BIT_NOT           décalage et aller à l'état 5
    INT_VAL           décalage et aller à l'état 6

    uoperation  aller à l'état 8
    expr        aller à l'état 54


État 34

   27 fin: IGNORED .

    $défaut  réduction par utilisation de la règle 27 (fin)


État 35

    1 result: expr fin .

    $défaut  réduction par utilisation de la règle 1 (result)


État 36

   26 expr: LEFT_PARENTHESIS expr RIGHT_PARENTHESIS .

    $défaut  réduction par utilisation de la règle 26 (expr)


État 37

    8 expr: expr . BOOL_OR expr
    9     | expr . BOOL_AND expr
   10     | expr . BIT_OR expr
   11     | expr . BIT_XOR expr
   12     | expr . BIT_AND expr
   13     | expr . BOOL_EQUAL expr
   13     | expr BOOL_EQUAL expr .
   14     | expr . BOOL_DIF expr
   15     | expr . BOOL_LESS expr
   16     | expr . BOOL_GREATER expr
   17     | expr . BOOL_LESS_OR_EQUAL expr
   18     | expr . BOOL_GREATER_OR_EQUAL expr
   19     | expr . BIT_RIGHT_SHIFT expr
   20     | expr . BIT_LEFT_SHIFT expr
   21     | expr . ADD expr
   22     | expr . SUB expr
   23     | expr . MULT expr
   24     | expr . DIV expr
   25     | expr . MOD expr

    BOOL_LESS_OR_EQUAL     décalage et aller à l'état 18
    BOOL_GREATER_OR_EQUAL  décalage et aller à l'état 19
    BOOL_LESS              décalage et aller à l'état 20
    BOOL_GREATER           décalage et aller à l'état 21
    ADD                    décalage et aller à l'état 22
    SUB                    décalage et aller à l'état 23
    MULT                   décalage et aller à l'état 24
    DIV                    décalage et aller à l'état 25
    MOD                    décalage et aller à l'état 26
    BIT_LEFT_SHIFT         décalage et aller à l'état 32
    BIT_RIGHT_SHIFT        décalage et aller à l'état 33

    $défaut  réduction par utilisation de la règle 13 (expr)


État 38

    8 expr: expr . BOOL_OR expr
    9     | expr . BOOL_AND expr
   10     | expr . BIT_OR expr
   11     | expr . BIT_XOR expr
   12     | expr . BIT_AND expr
   13     | expr . BOOL_EQUAL expr
   14     | expr . BOOL_DIF expr
   14     | expr BOOL_DIF expr .
   15     | expr . BOOL_LESS expr
   16     | expr . BOOL_GREATER expr
   17     | expr . BOOL_LESS_OR_EQUAL expr
   18     | expr . BOOL_GREATER_OR_EQUAL expr
   19     | expr . BIT_RIGHT_SHIFT expr
   20     | expr . BIT_LEFT_SHIFT expr
   21     | expr . ADD expr
   22     | expr . SUB expr
   23     | expr . MULT expr
   24     | expr . DIV expr
   25     | expr . MOD expr

    BOOL_LESS_OR_EQUAL     décalage et aller à l'état 18
    BOOL_GREATER_OR_EQUAL  décalage et aller à l'état 19
    BOOL_LESS              décalage et aller à l'état 20
    BOOL_GREATER           décalage et aller à l'état 21
    ADD                    décalage et aller à l'état 22
    SUB                    décalage et aller à l'état 23
    MULT                   décalage et aller à l'état 24
    DIV                    décalage et aller à l'état 25
    MOD                    décalage et aller à l'état 26
    BIT_LEFT_SHIFT         décalage et aller à l'état 32
    BIT_RIGHT_SHIFT        décalage et aller à l'état 33

    $défaut  réduction par utilisation de la règle 14 (expr)


État 39

    8 expr: expr . BOOL_OR expr
    9     | expr . BOOL_AND expr
   10     | expr . BIT_OR expr
   11     | expr . BIT_XOR expr
   12     | expr . BIT_AND expr
   13     | expr . BOOL_EQUAL expr
   14     | expr . BOOL_DIF expr
   15     | expr . BOOL_LESS expr
   16     | expr . BOOL_GREATER expr
   17     | expr . BOOL_LESS_OR_EQUAL expr
   17     | expr BOOL_LESS_OR_EQUAL expr .
   18     | expr . BOOL_GREATER_OR_EQUAL expr
   19     | expr . BIT_RIGHT_SHIFT expr
   20     | expr . BIT_LEFT_SHIFT expr
   21     | expr . ADD expr
   22     | expr . SUB expr
   23     | expr . MULT expr
   24     | expr . DIV expr
   25     | expr . MOD expr

    ADD              décalage et aller à l'état 22
    SUB              décalage et aller à l'état 23
    MULT             décalage et aller à l'état 24
    DIV              décalage et aller à l'état 25
    MOD              décalage et aller à l'état 26
    BIT_LEFT_SHIFT   décalage et aller à l'état 32
    BIT_RIGHT_SHIFT  décalage et aller à l'état 33

    $défaut  réduction par utilisation de la règle 17 (expr)


État 40

    8 expr: expr . BOOL_OR expr
    9     | expr . BOOL_AND expr
   10     | expr . BIT_OR expr
   11     | expr . BIT_XOR expr
   12     | expr . BIT_AND expr
   13     | expr . BOOL_EQUAL expr
   14     | expr . BOOL_DIF expr
   15     | expr . BOOL_LESS expr
   16     | expr . BOOL_GREATER expr
   17     | expr . BOOL_LESS_OR_EQUAL expr
   18     | expr . BOOL_GREATER_OR_EQUAL expr
   18     | expr BOOL_GREATER_OR_EQUAL expr .
   19     | expr . BIT_RIGHT_SHIFT expr
   20     | expr . BIT_LEFT_SHIFT expr
   21     | expr . ADD expr
   22     | expr . SUB expr
   23     | expr . MULT expr
   24     | expr . DIV expr
   25     | expr . MOD expr

    ADD              décalage et aller à l'état 22
    SUB              décalage et aller à l'état 23
    MULT             décalage et aller à l'état 24
    DIV              décalage et aller à l'état 25
    MOD              décalage et aller à l'état 26
    BIT_LEFT_SHIFT   décalage et aller à l'état 32
    BIT_RIGHT_SHIFT  décalage et aller à l'état 33

    $défaut  réduction par utilisation de la règle 18 (expr)


État 41

    8 expr: expr . BOOL_OR expr
    9     | expr . BOOL_AND expr
   10     | expr . BIT_OR expr
   11     | expr . BIT_XOR expr
   12     | expr . BIT_AND expr
   13     | expr . BOOL_EQUAL expr
   14     | expr . BOOL_DIF expr
   15     | expr . BOOL_LESS expr
   15     | expr BOOL_LESS expr .
   16     | expr . BOOL_GREATER expr
   17     | expr . BOOL_LESS_OR_EQUAL expr
   18     | expr . BOOL_GREATER_OR_EQUAL expr
   19     | expr . BIT_RIGHT_SHIFT expr
   20     | expr . BIT_LEFT_SHIFT expr
   21     | expr . ADD expr
   22     | expr . SUB expr
   23     | expr . MULT expr
   24     | expr . DIV expr
   25     | expr . MOD expr

    ADD              décalage et aller à l'état 22
    SUB              décalage et aller à l'état 23
    MULT             décalage et aller à l'état 24
    DIV              décalage et aller à l'état 25
    MOD              décalage et aller à l'état 26
    BIT_LEFT_SHIFT   décalage et aller à l'état 32
    BIT_RIGHT_SHIFT  décalage et aller à l'état 33

    $défaut  réduction par utilisation de la règle 15 (expr)


État 42

    8 expr: expr . BOOL_OR expr
    9     | expr . BOOL_AND expr
   10     | expr . BIT_OR expr
   11     | expr . BIT_XOR expr
   12     | expr . BIT_AND expr
   13     | expr . BOOL_EQUAL expr
   14     | expr . BOOL_DIF expr
   15     | expr . BOOL_LESS expr
   16     | expr . BOOL_GREATER expr
   16     | expr BOOL_GREATER expr .
   17     | expr . BOOL_LESS_OR_EQUAL expr
   18     | expr . BOOL_GREATER_OR_EQUAL expr
   19     | expr . BIT_RIGHT_SHIFT expr
   20     | expr . BIT_LEFT_SHIFT expr
   21     | expr . ADD expr
   22     | expr . SUB expr
   23     | expr . MULT expr
   24     | expr . DIV expr
   25     | expr . MOD expr

    ADD              décalage et aller à l'état 22
    SUB              décalage et aller à l'état 23
    MULT             décalage et aller à l'état 24
    DIV              décalage et aller à l'état 25
    MOD              décalage et aller à l'état 26
    BIT_LEFT_SHIFT   décalage et aller à l'état 32
    BIT_RIGHT_SHIFT  décalage et aller à l'état 33

    $défaut  réduction par utilisation de la règle 16 (expr)


État 43

    8 expr: expr . BOOL_OR expr
    9     | expr . BOOL_AND expr
   10     | expr . BIT_OR expr
   11     | expr . BIT_XOR expr
   12     | expr . BIT_AND expr
   13     | expr . BOOL_EQUAL expr
   14     | expr . BOOL_DIF expr
   15     | expr . BOOL_LESS expr
   16     | expr . BOOL_GREATER expr
   17     | expr . BOOL_LESS_OR_EQUAL expr
   18     | expr . BOOL_GREATER_OR_EQUAL expr
   19     | expr . BIT_RIGHT_SHIFT expr
   20     | expr . BIT_LEFT_SHIFT expr
   21     | expr . ADD expr
   21     | expr ADD expr .
   22     | expr . SUB expr
   23     | expr . MULT expr
   24     | expr . DIV expr
   25     | expr . MOD expr

    MULT  décalage et aller à l'état 24
    DIV   décalage et aller à l'état 25
    MOD   décalage et aller à l'état 26

    $défaut  réduction par utilisation de la règle 21 (expr)


État 44

    8 expr: expr . BOOL_OR expr
    9     | expr . BOOL_AND expr
   10     | expr . BIT_OR expr
   11     | expr . BIT_XOR expr
   12     | expr . BIT_AND expr
   13     | expr . BOOL_EQUAL expr
   14     | expr . BOOL_DIF expr
   15     | expr . BOOL_LESS expr
   16     | expr . BOOL_GREATER expr
   17     | expr . BOOL_LESS_OR_EQUAL expr
   18     | expr . BOOL_GREATER_OR_EQUAL expr
   19     | expr . BIT_RIGHT_SHIFT expr
   20     | expr . BIT_LEFT_SHIFT expr
   21     | expr . ADD expr
   22     | expr . SUB expr
   22     | expr SUB expr .
   23     | expr . MULT expr
   24     | expr . DIV expr
   25     | expr . MOD expr

    MULT  décalage et aller à l'état 24
    DIV   décalage et aller à l'état 25
    MOD   décalage et aller à l'état 26

    $défaut  réduction par utilisation de la règle 22 (expr)


État 45

    8 expr: expr . BOOL_OR expr
    9     | expr . BOOL_AND expr
   10     | expr . BIT_OR expr
   11     | expr . BIT_XOR expr
   12     | expr . BIT_AND expr
   13     | expr . BOOL_EQUAL expr
   14     | expr . BOOL_DIF expr
   15     | expr . BOOL_LESS expr
   16     | expr . BOOL_GREATER expr
   17     | expr . BOOL_LESS_OR_EQUAL expr
   18     | expr . BOOL_GREATER_OR_EQUAL expr
   19     | expr . BIT_RIGHT_SHIFT expr
   20     | expr . BIT_LEFT_SHIFT expr
   21     | expr . ADD expr
   22     | expr . SUB expr
   23     | expr . MULT expr
   23     | expr MULT expr .
   24     | expr . DIV expr
   25     | expr . MOD expr

    $défaut  réduction par utilisation de la règle 23 (expr)


État 46

    8 expr: expr . BOOL_OR expr
    9     | expr . BOOL_AND expr
   10     | expr . BIT_OR expr
   11     | expr . BIT_XOR expr
   12     | expr . BIT_AND expr
   13     | expr . BOOL_EQUAL expr
   14     | expr . BOOL_DIF expr
   15     | expr . BOOL_LESS expr
   16     | expr . BOOL_GREATER expr
   17     | expr . BOOL_LESS_OR_EQUAL expr
   18     | expr . BOOL_GREATER_OR_EQUAL expr
   19     | expr . BIT_RIGHT_SHIFT expr
   20     | expr . BIT_LEFT_SHIFT expr
   21     | expr . ADD expr
   22     | expr . SUB expr
   23     | expr . MULT expr
   24     | expr . DIV expr
   24     | expr DIV expr .
   25     | expr . MOD expr

    $défaut  réduction par utilisation de la règle 24 (expr)


État 47

    8 expr: expr . BOOL_OR expr
    9     | expr . BOOL_AND expr
   10     | expr . BIT_OR expr
   11     | expr . BIT_XOR expr
   12     | expr . BIT_AND expr
   13     | expr . BOOL_EQUAL expr
   14     | expr . BOOL_DIF expr
   15     | expr . BOOL_LESS expr
   16     | expr . BOOL_GREATER expr
   17     | expr . BOOL_LESS_OR_EQUAL expr
   18     | expr . BOOL_GREATER_OR_EQUAL expr
   19     | expr . BIT_RIGHT_SHIFT expr
   20     | expr . BIT_LEFT_SHIFT expr
   21     | expr . ADD expr
   22     | expr . SUB expr
   23     | expr . MULT expr
   24     | expr . DIV expr
   25     | expr . MOD expr
   25     | expr MOD expr .

    $défaut  réduction par utilisation de la règle 25 (expr)


État 48

    8 expr: expr . BOOL_OR expr
    9     | expr . BOOL_AND expr
    9     | expr BOOL_AND expr .
   10     | expr . BIT_OR expr
   11     | expr . BIT_XOR expr
   12     | expr . BIT_AND expr
   13     | expr . BOOL_EQUAL expr
   14     | expr . BOOL_DIF expr
   15     | expr . BOOL_LESS expr
   16     | expr . BOOL_GREATER expr
   17     | expr . BOOL_LESS_OR_EQUAL expr
   18     | expr . BOOL_GREATER_OR_EQUAL expr
   19     | expr . BIT_RIGHT_SHIFT expr
   20     | expr . BIT_LEFT_SHIFT expr
   21     | expr . ADD expr
   22     | expr . SUB expr
   23     | expr . MULT expr
   24     | expr . DIV expr
   25     | expr . MOD expr

    BOOL_EQUAL             décalage et aller à l'état 16
    BOOL_DIF               décalage et aller à l'état 17
    BOOL_LESS_OR_EQUAL     décalage et aller à l'état 18
    BOOL_GREATER_OR_EQUAL  décalage et aller à l'état 19
    BOOL_LESS              décalage et aller à l'état 20
    BOOL_GREATER           décalage et aller à l'état 21
    ADD                    décalage et aller à l'état 22
    SUB                    décalage et aller à l'état 23
    MULT                   décalage et aller à l'état 24
    DIV                    décalage et aller à l'état 25
    MOD                    décalage et aller à l'état 26
    BIT_AND                décalage et aller à l'état 29
    BIT_OR                 décalage et aller à l'état 30
    BIT_XOR                décalage et aller à l'état 31
    BIT_LEFT_SHIFT         décalage et aller à l'état 32
    BIT_RIGHT_SHIFT        décalage et aller à l'état 33

    $défaut  réduction par utilisation de la règle 9 (expr)


État 49

    8 expr: expr . BOOL_OR expr
    8     | expr BOOL_OR expr .
    9     | expr . BOOL_AND expr
   10     | expr . BIT_OR expr
   11     | expr . BIT_XOR expr
   12     | expr . BIT_AND expr
   13     | expr . BOOL_EQUAL expr
   14     | expr . BOOL_DIF expr
   15     | expr . BOOL_LESS expr
   16     | expr . BOOL_GREATER expr
   17     | expr . BOOL_LESS_OR_EQUAL expr
   18     | expr . BOOL_GREATER_OR_EQUAL expr
   19     | expr . BIT_RIGHT_SHIFT expr
   20     | expr . BIT_LEFT_SHIFT expr
   21     | expr . ADD expr
   22     | expr . SUB expr
   23     | expr . MULT expr
   24     | expr . DIV expr
   25     | expr . MOD expr

    BOOL_EQUAL             décalage et aller à l'état 16
    BOOL_DIF               décalage et aller à l'état 17
    BOOL_LESS_OR_EQUAL     décalage et aller à l'état 18
    BOOL_GREATER_OR_EQUAL  décalage et aller à l'état 19
    BOOL_LESS              décalage et aller à l'état 20
    BOOL_GREATER           décalage et aller à l'état 21
    ADD                    décalage et aller à l'état 22
    SUB                    décalage et aller à l'état 23
    MULT                   décalage et aller à l'état 24
    DIV                    décalage et aller à l'état 25
    MOD                    décalage et aller à l'état 26
    BOOL_AND               décalage et aller à l'état 27
    BIT_AND                décalage et aller à l'état 29
    BIT_OR                 décalage et aller à l'état 30
    BIT_XOR                décalage et aller à l'état 31
    BIT_LEFT_SHIFT         décalage et aller à l'état 32
    BIT_RIGHT_SHIFT        décalage et aller à l'état 33

    $défaut  réduction par utilisation de la règle 8 (expr)


État 50

    8 expr: expr . BOOL_OR expr
    9     | expr . BOOL_AND expr
   10     | expr . BIT_OR expr
   11     | expr . BIT_XOR expr
   12     | expr . BIT_AND expr
   12     | expr BIT_AND expr .
   13     | expr . BOOL_EQUAL expr
   14     | expr . BOOL_DIF expr
   15     | expr . BOOL_LESS expr
   16     | expr . BOOL_GREATER expr
   17     | expr . BOOL_LESS_OR_EQUAL expr
   18     | expr . BOOL_GREATER_OR_EQUAL expr
   19     | expr . BIT_RIGHT_SHIFT expr
   20     | expr . BIT_LEFT_SHIFT expr
   21     | expr . ADD expr
   22     | expr . SUB expr
   23     | expr . MULT expr
   24     | expr . DIV expr
   25     | expr . MOD expr

    BOOL_EQUAL             décalage et aller à l'état 16
    BOOL_DIF               décalage et aller à l'état 17
    BOOL_LESS_OR_EQUAL     décalage et aller à l'état 18
    BOOL_GREATER_OR_EQUAL  décalage et aller à l'état 19
    BOOL_LESS              décalage et aller à l'état 20
    BOOL_GREATER           décalage et aller à l'état 21
    ADD                    décalage et aller à l'état 22
    SUB                    décalage et aller à l'état 23
    MULT                   décalage et aller à l'état 24
    DIV                    décalage et aller à l'état 25
    MOD                    décalage et aller à l'état 26
    BIT_LEFT_SHIFT         décalage et aller à l'état 32
    BIT_RIGHT_SHIFT        décalage et aller à l'état 33

    $défaut  réduction par utilisation de la règle 12 (expr)


État 51

    8 expr: expr . BOOL_OR expr
    9     | expr . BOOL_AND expr
   10     | expr . BIT_OR expr
   10     | expr BIT_OR expr .
   11     | expr . BIT_XOR expr
   12     | expr . BIT_AND expr
   13     | expr . BOOL_EQUAL expr
   14     | expr . BOOL_DIF expr
   15     | expr . BOOL_LESS expr
   16     | expr . BOOL_GREATER expr
   17     | expr . BOOL_LESS_OR_EQUAL expr
   18     | expr . BOOL_GREATER_OR_EQUAL expr
   19     | expr . BIT_RIGHT_SHIFT expr
   20     | expr . BIT_LEFT_SHIFT expr
   21     | expr . ADD expr
   22     | expr . SUB expr
   23     | expr . MULT expr
   24     | expr . DIV expr
   25     | expr . MOD expr

    BOOL_EQUAL             décalage et aller à l'état 16
    BOOL_DIF               décalage et aller à l'état 17
    BOOL_LESS_OR_EQUAL     décalage et aller à l'état 18
    BOOL_GREATER_OR_EQUAL  décalage et aller à l'état 19
    BOOL_LESS              décalage et aller à l'état 20
    BOOL_GREATER           décalage et aller à l'état 21
    ADD                    décalage et aller à l'état 22
    SUB                    décalage et aller à l'état 23
    MULT                   décalage et aller à l'état 24
    DIV                    décalage et aller à l'état 25
    MOD                    décalage et aller à l'état 26
    BIT_AND                décalage et aller à l'état 29
    BIT_XOR                décalage et aller à l'état 31
    BIT_LEFT_SHIFT         décalage et aller à l'état 32
    BIT_RIGHT_SHIFT        décalage et aller à l'état 33

    $défaut  réduction par utilisation de la règle 10 (expr)


État 52

    8 expr: expr . BOOL_OR expr
    9     | expr . BOOL_AND expr
   10     | expr . BIT_OR expr
   11     | expr . BIT_XOR expr
   11     | expr BIT_XOR expr .
   12     | expr . BIT_AND expr
   13     | expr . BOOL_EQUAL expr
   14     | expr . BOOL_DIF expr
   15     | expr . BOOL_LESS expr
   16     | expr . BOOL_GREATER expr
   17     | expr . BOOL_LESS_OR_EQUAL expr
   18     | expr . BOOL_GREATER_OR_EQUAL expr
   19     | expr . BIT_RIGHT_SHIFT expr
   20     | expr . BIT_LEFT_SHIFT expr
   21     | expr . ADD expr
   22     | expr . SUB expr
   23     | expr . MULT expr
   24     | expr . DIV expr
   25     | expr . MOD expr

    BOOL_EQUAL             décalage et aller à l'état 16
    BOOL_DIF               décalage et aller à l'état 17
    BOOL_LESS_OR_EQUAL     décalage et aller à l'état 18
    BOOL_GREATER_OR_EQUAL  décalage et aller à l'état 19
    BOOL_LESS              décalage et aller à l'état 20
    BOOL_GREATER           décalage et aller à l'état 21
    ADD                    décalage et aller à l'état 22
    SUB                    décalage et aller à l'état 23
    MULT                   décalage et aller à l'état 24
    DIV                    décalage et aller à l'état 25
    MOD                    décalage et aller à l'état 26
    BIT_AND                décalage et aller à l'état 29
    BIT_LEFT_SHIFT         décalage et aller à l'état 32
    BIT_RIGHT_SHIFT        décalage et aller à l'état 33

    $défaut  réduction par utilisation de la règle 11 (expr)


État 53

    8 expr: expr . BOOL_OR expr
    9     | expr . BOOL_AND expr
   10     | expr . BIT_OR expr
   11     | expr . BIT_XOR expr
   12     | expr . BIT_AND expr
   13     | expr . BOOL_EQUAL expr
   14     | expr . BOOL_DIF expr
   15     | expr . BOOL_LESS expr
   16     | expr . BOOL_GREATER expr
   17     | expr . BOOL_LESS_OR_EQUAL expr
   18     | expr . BOOL_GREATER_OR_EQUAL expr
   19     | expr . BIT_RIGHT_SHIFT expr
   20     | expr . BIT_LEFT_SHIFT expr
   20     | expr BIT_LEFT_SHIFT expr .
   21     | expr . ADD expr
   22     | expr . SUB expr
   23     | expr . MULT expr
   24     | expr . DIV expr
   25     | expr . MOD expr

    ADD   décalage et aller à l'état 22
    SUB   décalage et aller à l'état 23
    MULT  décalage et aller à l'état 24
    DIV   décalage et aller à l'état 25
    MOD   décalage et aller à l'état 26

    $défaut  réduction par utilisation de la règle 20 (expr)


État 54

    8 expr: expr . BOOL_OR expr
    9     | expr . BOOL_AND expr
   10     | expr . BIT_OR expr
   11     | expr . BIT_XOR expr
   12     | expr . BIT_AND expr
   13     | expr . BOOL_EQUAL expr
   14     | expr . BOOL_DIF expr
   15     | expr . BOOL_LESS expr
   16     | expr . BOOL_GREATER expr
   17     | expr . BOOL_LESS_OR_EQUAL expr
   18     | expr . BOOL_GREATER_OR_EQUAL expr
   19     | expr . BIT_RIGHT_SHIFT expr
   19     | expr BIT_RIGHT_SHIFT expr .
   20     | expr . BIT_LEFT_SHIFT expr
   21     | expr . ADD expr
   22     | expr . SUB expr
   23     | expr . MULT expr
   24     | expr . DIV expr
   25     | expr . MOD expr

    ADD   décalage et aller à l'état 22
    SUB   décalage et aller à l'état 23
    MULT  décalage et aller à l'état 24
    DIV   décalage et aller à l'état 25
    MOD   décalage et aller à l'état 26

    $défaut  réduction par utilisation de la règle 19 (expr)
